<?xml version="1.0" encoding="UTF-8"?><testrun name="TestRunner" project="com.bdd.tekschool" tests="20" started="8" failures="0" errors="2" ignored="8">
  <testsuite name="runner.TestRunner" incomplete="true">
    <testsuite name="Feature: AddToWishList" incomplete="true">
      <testsuite name="Scenario: SDET2019AUG_SDET_003_Execution" time="0.009" incomplete="true">
        <error>org.openqa.selenium.SessionNotCreatedException: session not created
from chrome not reachable
  (Session info: chrome=78.0.3904.108)
Build info: version: '3.7.0', revision: '2321c73', time: '2017-11-02T22:22:35.584Z'
System info: host: 'JGLAPTOP', ip: '192.168.1.14', os.name: 'Windows 10', os.arch: 'amd64', os.version: '10.0', java.version: '1.8.0_201'
Driver info: driver.version: ChromeDriver
remote stacktrace: Backtrace:
	Ordinal0 [0x0101A923+1550627]
	Ordinal0 [0x00F9A731+1025841]
	Ordinal0 [0x00F1C5BE+509374]
	Ordinal0 [0x00F162F2+484082]
	Ordinal0 [0x00F169CB+485835]
	Ordinal0 [0x00F17B35+490293]
	Ordinal0 [0x00F13AB5+473781]
	Ordinal0 [0x00F1D360+512864]
	Ordinal0 [0x00ECB649+177737]
	Ordinal0 [0x00ECA8ED+174317]
	Ordinal0 [0x00EC8CDB+167131]
	Ordinal0 [0x00EB144A+70730]
	Ordinal0 [0x00EB24D0+74960]
	Ordinal0 [0x00EB2469+74857]
	Ordinal0 [0x00FB42F7+1131255]
	GetHandleVerifier [0x010B711D+523789]
	GetHandleVerifier [0x010B6EB0+523168]
	GetHandleVerifier [0x010BE207+552695]
	GetHandleVerifier [0x010B791A+525834]
	Ordinal0 [0x00FAB82C+1095724]
	Ordinal0 [0x00FB636B+1139563]
	Ordinal0 [0x00FB64D3+1139923]
	Ordinal0 [0x00FB5455+1135701]
	BaseThreadInitThunk [0x77106359+25]
	RtlGetAppContainerNamedObjectPath [0x77B77B74+228]
	RtlGetAppContainerNamedObjectPath [0x77B77B44+180]
&#13;
	at sun.reflect.NativeConstructorAccessorImpl.newInstance0(Native Method)&#13;
	at sun.reflect.NativeConstructorAccessorImpl.newInstance(Unknown Source)&#13;
	at sun.reflect.DelegatingConstructorAccessorImpl.newInstance(Unknown Source)&#13;
	at java.lang.reflect.Constructor.newInstance(Unknown Source)&#13;
	at org.openqa.selenium.remote.W3CHandshakeResponse.lambda$new$0(W3CHandshakeResponse.java:57)&#13;
	at org.openqa.selenium.remote.W3CHandshakeResponse.lambda$getResponseFunction$2(W3CHandshakeResponse.java:104)&#13;
	at org.openqa.selenium.remote.ProtocolHandshake.lambda$createSession$0(ProtocolHandshake.java:123)&#13;
	at java.util.stream.ReferencePipeline$3$1.accept(Unknown Source)&#13;
	at java.util.Spliterators$ArraySpliterator.tryAdvance(Unknown Source)&#13;
	at java.util.stream.ReferencePipeline.forEachWithCancel(Unknown Source)&#13;
	at java.util.stream.AbstractPipeline.copyIntoWithCancel(Unknown Source)&#13;
	at java.util.stream.AbstractPipeline.copyInto(Unknown Source)&#13;
	at java.util.stream.AbstractPipeline.wrapAndCopyInto(Unknown Source)&#13;
	at java.util.stream.FindOps$FindOp.evaluateSequential(Unknown Source)&#13;
	at java.util.stream.AbstractPipeline.evaluate(Unknown Source)&#13;
	at java.util.stream.ReferencePipeline.findFirst(Unknown Source)&#13;
	at org.openqa.selenium.remote.ProtocolHandshake.createSession(ProtocolHandshake.java:126)&#13;
	at org.openqa.selenium.remote.ProtocolHandshake.createSession(ProtocolHandshake.java:73)&#13;
	at org.openqa.selenium.remote.HttpCommandExecutor.execute(HttpCommandExecutor.java:142)&#13;
	at org.openqa.selenium.remote.service.DriverCommandExecutor.execute(DriverCommandExecutor.java:83)&#13;
	at org.openqa.selenium.remote.RemoteWebDriver.execute(RemoteWebDriver.java:600)&#13;
	at org.openqa.selenium.remote.RemoteWebDriver.startSession(RemoteWebDriver.java:219)&#13;
	at org.openqa.selenium.remote.RemoteWebDriver.&lt;init&gt;(RemoteWebDriver.java:142)&#13;
	at org.openqa.selenium.chrome.ChromeDriver.&lt;init&gt;(ChromeDriver.java:181)&#13;
	at org.openqa.selenium.chrome.ChromeDriver.&lt;init&gt;(ChromeDriver.java:168)&#13;
	at org.openqa.selenium.chrome.ChromeDriver.&lt;init&gt;(ChromeDriver.java:123)&#13;
	at stepDefinitions.Initializer.beforeHooks(Initializer.java:24)&#13;
	at sun.reflect.NativeMethodAccessorImpl.invoke0(Native Method)&#13;
	at sun.reflect.NativeMethodAccessorImpl.invoke(Unknown Source)&#13;
	at sun.reflect.DelegatingMethodAccessorImpl.invoke(Unknown Source)&#13;
	at java.lang.reflect.Method.invoke(Unknown Source)&#13;
	at cucumber.runtime.Utils$1.call(Utils.java:40)&#13;
	at cucumber.runtime.Timeout.timeout(Timeout.java:16)&#13;
	at cucumber.runtime.Utils.invoke(Utils.java:34)&#13;
	at cucumber.runtime.java.JavaHookDefinition.execute(JavaHookDefinition.java:60)&#13;
	at cucumber.runtime.Runtime.runHookIfTagsMatch(Runtime.java:224)&#13;
	at cucumber.runtime.Runtime.runHooks(Runtime.java:212)&#13;
	at cucumber.runtime.Runtime.runBeforeHooks(Runtime.java:202)&#13;
	at cucumber.runtime.model.CucumberScenario.run(CucumberScenario.java:40)&#13;
	at cucumber.runtime.junit.ExecutionUnitRunner.run(ExecutionUnitRunner.java:102)&#13;
	at cucumber.runtime.junit.FeatureRunner.runChild(FeatureRunner.java:63)&#13;
	at cucumber.runtime.junit.FeatureRunner.runChild(FeatureRunner.java:18)&#13;
	at org.junit.runners.ParentRunner$3.run(ParentRunner.java:290)&#13;
	at org.junit.runners.ParentRunner$1.schedule(ParentRunner.java:71)&#13;
	at org.junit.runners.ParentRunner.runChildren(ParentRunner.java:288)&#13;
	at org.junit.runners.ParentRunner.access$000(ParentRunner.java:58)&#13;
	at org.junit.runners.ParentRunner$2.evaluate(ParentRunner.java:268)&#13;
	at org.junit.runners.ParentRunner.run(ParentRunner.java:363)&#13;
	at cucumber.runtime.junit.FeatureRunner.run(FeatureRunner.java:70)&#13;
	at cucumber.api.junit.Cucumber.runChild(Cucumber.java:95)&#13;
	at cucumber.api.junit.Cucumber.runChild(Cucumber.java:38)&#13;
	at org.junit.runners.ParentRunner$3.run(ParentRunner.java:290)&#13;
	at org.junit.runners.ParentRunner$1.schedule(ParentRunner.java:71)&#13;
	at org.junit.runners.ParentRunner.runChildren(ParentRunner.java:288)&#13;
	at org.junit.runners.ParentRunner.access$000(ParentRunner.java:58)&#13;
	at org.junit.runners.ParentRunner$2.evaluate(ParentRunner.java:268)&#13;
	at org.junit.runners.ParentRunner.run(ParentRunner.java:363)&#13;
	at cucumber.api.junit.Cucumber.run(Cucumber.java:100)&#13;
	at org.eclipse.jdt.internal.junit4.runner.JUnit4TestReference.run(JUnit4TestReference.java:89)&#13;
	at org.eclipse.jdt.internal.junit.runner.TestExecution.run(TestExecution.java:41)&#13;
	at org.eclipse.jdt.internal.junit.runner.RemoteTestRunner.runTests(RemoteTestRunner.java:541)&#13;
	at org.eclipse.jdt.internal.junit.runner.RemoteTestRunner.runTests(RemoteTestRunner.java:763)&#13;
	at org.eclipse.jdt.internal.junit.runner.RemoteTestRunner.run(RemoteTestRunner.java:463)&#13;
	at org.eclipse.jdt.internal.junit.runner.RemoteTestRunner.main(RemoteTestRunner.java:209)&#13;
&#13;
java.lang.NullPointerException&#13;
	at stepDefinitions.Initializer.afterHooks(Initializer.java:59)&#13;
	at sun.reflect.NativeMethodAccessorImpl.invoke0(Native Method)&#13;
	at sun.reflect.NativeMethodAccessorImpl.invoke(Unknown Source)&#13;
	at sun.reflect.DelegatingMethodAccessorImpl.invoke(Unknown Source)&#13;
	at java.lang.reflect.Method.invoke(Unknown Source)&#13;
	at cucumber.runtime.Utils$1.call(Utils.java:40)&#13;
	at cucumber.runtime.Timeout.timeout(Timeout.java:16)&#13;
	at cucumber.runtime.Utils.invoke(Utils.java:34)&#13;
	at cucumber.runtime.java.JavaHookDefinition.execute(JavaHookDefinition.java:60)&#13;
	at cucumber.runtime.Runtime.runHookIfTagsMatch(Runtime.java:224)&#13;
	at cucumber.runtime.Runtime.runHooks(Runtime.java:212)&#13;
	at cucumber.runtime.Runtime.runAfterHooks(Runtime.java:206)&#13;
	at cucumber.runtime.model.CucumberScenario.run(CucumberScenario.java:46)&#13;
	at cucumber.runtime.junit.ExecutionUnitRunner.run(ExecutionUnitRunner.java:102)&#13;
	at cucumber.runtime.junit.FeatureRunner.runChild(FeatureRunner.java:63)&#13;
	at cucumber.runtime.junit.FeatureRunner.runChild(FeatureRunner.java:18)&#13;
	at org.junit.runners.ParentRunner$3.run(ParentRunner.java:290)&#13;
	at org.junit.runners.ParentRunner$1.schedule(ParentRunner.java:71)&#13;
	at org.junit.runners.ParentRunner.runChildren(ParentRunner.java:288)&#13;
	at org.junit.runners.ParentRunner.access$000(ParentRunner.java:58)&#13;
	at org.junit.runners.ParentRunner$2.evaluate(ParentRunner.java:268)&#13;
	at org.junit.runners.ParentRunner.run(ParentRunner.java:363)&#13;
	at cucumber.runtime.junit.FeatureRunner.run(FeatureRunner.java:70)&#13;
	at cucumber.api.junit.Cucumber.runChild(Cucumber.java:95)&#13;
	at cucumber.api.junit.Cucumber.runChild(Cucumber.java:38)&#13;
	at org.junit.runners.ParentRunner$3.run(ParentRunner.java:290)&#13;
	at org.junit.runners.ParentRunner$1.schedule(ParentRunner.java:71)&#13;
	at org.junit.runners.ParentRunner.runChildren(ParentRunner.java:288)&#13;
	at org.junit.runners.ParentRunner.access$000(ParentRunner.java:58)&#13;
	at org.junit.runners.ParentRunner$2.evaluate(ParentRunner.java:268)&#13;
	at org.junit.runners.ParentRunner.run(ParentRunner.java:363)&#13;
	at cucumber.api.junit.Cucumber.run(Cucumber.java:100)&#13;
	at org.eclipse.jdt.internal.junit4.runner.JUnit4TestReference.run(JUnit4TestReference.java:89)&#13;
	at org.eclipse.jdt.internal.junit.runner.TestExecution.run(TestExecution.java:41)&#13;
	at org.eclipse.jdt.internal.junit.runner.RemoteTestRunner.runTests(RemoteTestRunner.java:541)&#13;
	at org.eclipse.jdt.internal.junit.runner.RemoteTestRunner.runTests(RemoteTestRunner.java:763)&#13;
	at org.eclipse.jdt.internal.junit.runner.RemoteTestRunner.run(RemoteTestRunner.java:463)&#13;
	at org.eclipse.jdt.internal.junit.runner.RemoteTestRunner.main(RemoteTestRunner.java:209)&#13;
&#13;
</error>
        <testcase name="Given User is on Tekschool page" classname="Scenario: SDET2019AUG_SDET_003_Execution" time="0.001" ignored="true"/>
        <testcase name="And User click on Test Environment link" classname="Scenario: SDET2019AUG_SDET_003_Execution" time="0.001" ignored="true"/>
        <testcase name="And User should see test environment page" classname="Scenario: SDET2019AUG_SDET_003_Execution" time="0.003" ignored="true"/>
        <testcase name="When User clicks on My Account Menu on top of the page" classname="Scenario: SDET2019AUG_SDET_003_Execution" time="0.001" ignored="true"/>
        <testcase name="And User click on space login on myAccount menu" classname="Scenario: SDET2019AUG_SDET_003_Execution" time="0.001" ignored="true"/>
        <testcase name="And User enters username 'teststudent@gmail.com' and password 'Tek@Test.com' in returning menu" classname="Scenario: SDET2019AUG_SDET_003_Execution" time="0.0" ignored="true"/>
        <testcase name="And User clicks on login buttin" classname="Scenario: SDET2019AUG_SDET_003_Execution" time="0.001" ignored="true"/>
        <testcase name="Then User should be logged in" classname="Scenario: SDET2019AUG_SDET_003_Execution" time="0.001" ignored="true"/>
      </testsuite>
      <testsuite name="Scenario: AddToWishList_007" incomplete="true">
        <testcase name="Given User is on Tekschool page" classname="Scenario: AddToWishList_007" incomplete="true"/>
        <testcase name="And User click on Test Environment link" classname="Scenario: AddToWishList_007" incomplete="true"/>
        <testcase name="And User should see test environment page" classname="Scenario: AddToWishList_007" incomplete="true"/>
        <testcase name="When User clicks on Phones &amp; PDAs label" classname="Scenario: AddToWishList_007" incomplete="true"/>
        <testcase name="And user clicks on HeartIcon" classname="Scenario: AddToWishList_007" incomplete="true"/>
        <testcase name="Then user should see Success: You have added &lt;Name of Product&gt; to you’re your Wish List!" classname="Scenario: AddToWishList_007" incomplete="true"/>
        <testcase name="Then Verify item was added on “Wish Iist” on the top of the menu" classname="Scenario: AddToWishList_007" incomplete="true"/>
        <testcase name="When User clicks on a product" classname="Scenario: AddToWishList_007" incomplete="true"/>
        <testcase name="Then User clicks on HeartIcon again on the side of the page" classname="Scenario: AddToWishList_007" incomplete="true"/>
        <testcase name="Then user should see Success: You have added &lt;Name of Product&gt; to you’re your Wish List!" classname="Scenario: AddToWishList_007" incomplete="true"/>
        <testcase name="When click on “Wish Iist” on the top of the menu" classname="Scenario: AddToWishList_007" incomplete="true"/>
        <testcase name="Then wish list page is displayed" classname="Scenario: AddToWishList_007" incomplete="true"/>
      </testsuite>
    </testsuite>
  </testsuite>
</testrun>
